{"/Users/manmanbbg/Desktop/degree/Agile Develop/Project/302cem_covid19_app_api/app.js": {"path":"/Users/manmanbbg/Desktop/degree/Agile Develop/Project/302cem_covid19_app_api/app.js","statementMap":{"0":{"start":{"line":1,"column":16},"end":{"line":1,"column":34}},"1":{"start":{"line":2,"column":19},"end":{"line":2,"column":41}},"2":{"start":{"line":3,"column":13},"end":{"line":3,"column":46}},"3":{"start":{"line":4,"column":32},"end":{"line":4,"column":56}},"4":{"start":{"line":7,"column":12},"end":{"line":7,"column":21}},"5":{"start":{"line":8,"column":0},"end":{"line":8,"column":14}},"6":{"start":{"line":9,"column":0},"end":{"line":9,"column":27}},"7":{"start":{"line":10,"column":0},"end":{"line":10,"column":52}},"8":{"start":{"line":13,"column":0},"end":{"line":13,"column":51}},"9":{"start":{"line":16,"column":0},"end":{"line":16,"column":67}},"10":{"start":{"line":17,"column":0},"end":{"line":17,"column":51}},"11":{"start":{"line":18,"column":0},"end":{"line":18,"column":57}},"12":{"start":{"line":19,"column":0},"end":{"line":19,"column":67}},"13":{"start":{"line":22,"column":0},"end":{"line":22,"column":29}},"14":{"start":{"line":24,"column":0},"end":{"line":24,"column":21}}},"fnMap":{},"branchMap":{},"s":{"0":4,"1":4,"2":4,"3":4,"4":4,"5":4,"6":4,"7":4,"8":4,"9":4,"10":4,"11":4,"12":4,"13":4,"14":4},"f":{},"b":{},"_coverageSchema":"1a1c01bbd47fc00a2c39e90264f33305004495a9","hash":"18baac073587d4385ee32aee58816fc1875858b3"}
,"/Users/manmanbbg/Desktop/degree/Agile Develop/Project/302cem_covid19_app_api/controllers/Controller.js": {"path":"/Users/manmanbbg/Desktop/degree/Agile Develop/Project/302cem_covid19_app_api/controllers/Controller.js","statementMap":{"0":{"start":{"line":1,"column":0},"end":{"line":70,"column":2}},"1":{"start":{"line":3,"column":4},"end":{"line":3,"column":23}},"2":{"start":{"line":7,"column":4},"end":{"line":12,"column":5}},"3":{"start":{"line":8,"column":20},"end":{"line":8,"column":45}},"4":{"start":{"line":9,"column":6},"end":{"line":9,"column":34}},"5":{"start":{"line":11,"column":6},"end":{"line":11,"column":16}},"6":{"start":{"line":16,"column":4},"end":{"line":25,"column":5}},"7":{"start":{"line":17,"column":19},"end":{"line":17,"column":59}},"8":{"start":{"line":18,"column":6},"end":{"line":22,"column":7}},"9":{"start":{"line":19,"column":8},"end":{"line":19,"column":35}},"10":{"start":{"line":21,"column":8},"end":{"line":21,"column":60}},"11":{"start":{"line":24,"column":6},"end":{"line":24,"column":16}},"12":{"start":{"line":29,"column":4},"end":{"line":34,"column":5}},"13":{"start":{"line":30,"column":26},"end":{"line":30,"column":59}},"14":{"start":{"line":31,"column":6},"end":{"line":31,"column":40}},"15":{"start":{"line":33,"column":6},"end":{"line":33,"column":16}},"16":{"start":{"line":38,"column":4},"end":{"line":54,"column":5}},"17":{"start":{"line":39,"column":26},"end":{"line":46,"column":7}},"18":{"start":{"line":47,"column":6},"end":{"line":51,"column":7}},"19":{"start":{"line":48,"column":8},"end":{"line":48,"column":42}},"20":{"start":{"line":50,"column":8},"end":{"line":50,"column":60}},"21":{"start":{"line":53,"column":6},"end":{"line":53,"column":16}},"22":{"start":{"line":58,"column":4},"end":{"line":68,"column":5}},"23":{"start":{"line":59,"column":26},"end":{"line":59,"column":75}},"24":{"start":{"line":61,"column":6},"end":{"line":65,"column":7}},"25":{"start":{"line":62,"column":8},"end":{"line":62,"column":42}},"26":{"start":{"line":64,"column":8},"end":{"line":64,"column":60}},"27":{"start":{"line":67,"column":6},"end":{"line":67,"column":16}}},"fnMap":{"0":{"name":"(anonymous_0)","decl":{"start":{"line":2,"column":2},"end":{"line":2,"column":3}},"loc":{"start":{"line":2,"column":21},"end":{"line":4,"column":3}},"line":2},"1":{"name":"(anonymous_1)","decl":{"start":{"line":6,"column":2},"end":{"line":6,"column":3}},"loc":{"start":{"line":6,"column":39},"end":{"line":13,"column":3}},"line":6},"2":{"name":"(anonymous_2)","decl":{"start":{"line":15,"column":2},"end":{"line":15,"column":3}},"loc":{"start":{"line":15,"column":38},"end":{"line":26,"column":3}},"line":15},"3":{"name":"(anonymous_3)","decl":{"start":{"line":28,"column":2},"end":{"line":28,"column":3}},"loc":{"start":{"line":28,"column":37},"end":{"line":35,"column":3}},"line":28},"4":{"name":"(anonymous_4)","decl":{"start":{"line":37,"column":2},"end":{"line":37,"column":3}},"loc":{"start":{"line":37,"column":41},"end":{"line":55,"column":3}},"line":37},"5":{"name":"(anonymous_5)","decl":{"start":{"line":57,"column":2},"end":{"line":57,"column":3}},"loc":{"start":{"line":57,"column":41},"end":{"line":69,"column":3}},"line":57}},"branchMap":{"0":{"loc":{"start":{"line":18,"column":6},"end":{"line":22,"column":7}},"type":"if","locations":[{"start":{"line":18,"column":6},"end":{"line":22,"column":7}},{"start":{"line":18,"column":6},"end":{"line":22,"column":7}}],"line":18},"1":{"loc":{"start":{"line":47,"column":6},"end":{"line":51,"column":7}},"type":"if","locations":[{"start":{"line":47,"column":6},"end":{"line":51,"column":7}},{"start":{"line":47,"column":6},"end":{"line":51,"column":7}}],"line":47},"2":{"loc":{"start":{"line":61,"column":6},"end":{"line":65,"column":7}},"type":"if","locations":[{"start":{"line":61,"column":6},"end":{"line":65,"column":7}},{"start":{"line":61,"column":6},"end":{"line":65,"column":7}}],"line":61}},"s":{"0":8,"1":24,"2":16,"3":16,"4":12,"5":4,"6":24,"7":24,"8":20,"9":8,"10":12,"11":4,"12":23,"13":23,"14":16,"15":7,"16":16,"17":16,"18":12,"19":8,"20":4,"21":4,"22":24,"23":24,"24":20,"25":8,"26":12,"27":4},"f":{"0":24,"1":16,"2":24,"3":23,"4":16,"5":24},"b":{"0":[8,12],"1":[8,4],"2":[8,12]},"_coverageSchema":"1a1c01bbd47fc00a2c39e90264f33305004495a9","hash":"1429d471e2be3358f4e12f7191656c048bf37414"}
,"/Users/manmanbbg/Desktop/degree/Agile Develop/Project/302cem_covid19_app_api/controllers/CultureController.js": {"path":"/Users/manmanbbg/Desktop/degree/Agile Develop/Project/302cem_covid19_app_api/controllers/CultureController.js","statementMap":{"0":{"start":{"line":1,"column":19},"end":{"line":1,"column":42}},"1":{"start":{"line":5,"column":4},"end":{"line":25,"column":5}},"2":{"start":{"line":6,"column":27},"end":{"line":20,"column":8}},"3":{"start":{"line":22,"column":6},"end":{"line":22,"column":41}},"4":{"start":{"line":24,"column":6},"end":{"line":24,"column":16}},"5":{"start":{"line":29,"column":0},"end":{"line":29,"column":35}}},"fnMap":{"0":{"name":"(anonymous_0)","decl":{"start":{"line":4,"column":2},"end":{"line":4,"column":3}},"loc":{"start":{"line":4,"column":40},"end":{"line":26,"column":3}},"line":4}},"branchMap":{},"s":{"0":5,"1":4,"2":4,"3":3,"4":1,"5":5},"f":{"0":4},"b":{},"_coverageSchema":"1a1c01bbd47fc00a2c39e90264f33305004495a9","hash":"c0377267bffa8f3f877ef7660221df8ae622c252"}
,"/Users/manmanbbg/Desktop/degree/Agile Develop/Project/302cem_covid19_app_api/controllers/ListeningAidController.js": {"path":"/Users/manmanbbg/Desktop/degree/Agile Develop/Project/302cem_covid19_app_api/controllers/ListeningAidController.js","statementMap":{"0":{"start":{"line":1,"column":19},"end":{"line":1,"column":42}},"1":{"start":{"line":5,"column":0},"end":{"line":5,"column":40}}},"fnMap":{},"branchMap":{},"s":{"0":5,"1":5},"f":{},"b":{},"_coverageSchema":"1a1c01bbd47fc00a2c39e90264f33305004495a9","hash":"080ec56c1ee1fe5ceefc2939e2e5eea0105f0cee"}
,"/Users/manmanbbg/Desktop/degree/Agile Develop/Project/302cem_covid19_app_api/controllers/SignLanguageController.js": {"path":"/Users/manmanbbg/Desktop/degree/Agile Develop/Project/302cem_covid19_app_api/controllers/SignLanguageController.js","statementMap":{"0":{"start":{"line":1,"column":19},"end":{"line":1,"column":42}},"1":{"start":{"line":5,"column":0},"end":{"line":5,"column":40}}},"fnMap":{},"branchMap":{},"s":{"0":5,"1":5},"f":{},"b":{},"_coverageSchema":"1a1c01bbd47fc00a2c39e90264f33305004495a9","hash":"af4c7e7e04ac4eb59aa2328ad4e1ee9c235d94d5"}
,"/Users/manmanbbg/Desktop/degree/Agile Develop/Project/302cem_covid19_app_api/controllers/UserController.js": {"path":"/Users/manmanbbg/Desktop/degree/Agile Develop/Project/302cem_covid19_app_api/controllers/UserController.js","statementMap":{"0":{"start":{"line":1,"column":12},"end":{"line":1,"column":35}},"1":{"start":{"line":3,"column":19},"end":{"line":3,"column":42}},"2":{"start":{"line":7,"column":4},"end":{"line":46,"column":5}},"3":{"start":{"line":8,"column":19},"end":{"line":8,"column":70}},"4":{"start":{"line":10,"column":6},"end":{"line":16,"column":7}},"5":{"start":{"line":11,"column":8},"end":{"line":15,"column":11}},"6":{"start":{"line":19,"column":6},"end":{"line":25,"column":7}},"7":{"start":{"line":20,"column":8},"end":{"line":24,"column":11}},"8":{"start":{"line":27,"column":20},"end":{"line":37,"column":7}},"9":{"start":{"line":39,"column":6},"end":{"line":43,"column":9}},"10":{"start":{"line":45,"column":6},"end":{"line":45,"column":16}},"11":{"start":{"line":50,"column":0},"end":{"line":50,"column":32}}},"fnMap":{"0":{"name":"(anonymous_0)","decl":{"start":{"line":6,"column":2},"end":{"line":6,"column":3}},"loc":{"start":{"line":6,"column":37},"end":{"line":47,"column":3}},"line":6}},"branchMap":{"0":{"loc":{"start":{"line":10,"column":6},"end":{"line":16,"column":7}},"type":"if","locations":[{"start":{"line":10,"column":6},"end":{"line":16,"column":7}},{"start":{"line":10,"column":6},"end":{"line":16,"column":7}}],"line":10},"1":{"loc":{"start":{"line":19,"column":6},"end":{"line":25,"column":7}},"type":"if","locations":[{"start":{"line":19,"column":6},"end":{"line":25,"column":7}},{"start":{"line":19,"column":6},"end":{"line":25,"column":7}}],"line":19}},"s":{"0":5,"1":5,"2":11,"3":11,"4":10,"5":2,"6":8,"7":2,"8":6,"9":6,"10":1,"11":5},"f":{"0":11},"b":{"0":[2,8],"1":[2,6]},"_coverageSchema":"1a1c01bbd47fc00a2c39e90264f33305004495a9","hash":"b0810311433a24066ca7e01e2d50d01d6331d1ea"}
,"/Users/manmanbbg/Desktop/degree/Agile Develop/Project/302cem_covid19_app_api/database/test.mongodb.connect.js": {"path":"/Users/manmanbbg/Desktop/degree/Agile Develop/Project/302cem_covid19_app_api/database/test.mongodb.connect.js","statementMap":{"0":{"start":{"line":1,"column":17},"end":{"line":1,"column":36}},"1":{"start":{"line":3,"column":0},"end":{"line":3,"column":37}},"2":{"start":{"line":4,"column":0},"end":{"line":4,"column":41}},"3":{"start":{"line":5,"column":0},"end":{"line":5,"column":40}},"4":{"start":{"line":6,"column":0},"end":{"line":9,"column":2}},"5":{"start":{"line":11,"column":0},"end":{"line":11,"column":26}}},"fnMap":{},"branchMap":{},"s":{"0":4,"1":4,"2":4,"3":4,"4":4,"5":4},"f":{},"b":{},"_coverageSchema":"1a1c01bbd47fc00a2c39e90264f33305004495a9","hash":"3c9e009d5113e0e9a4fb7ae5749248a6f6a624f6"}
,"/Users/manmanbbg/Desktop/degree/Agile Develop/Project/302cem_covid19_app_api/middlewares/authentication.middleware.js": {"path":"/Users/manmanbbg/Desktop/degree/Agile Develop/Project/302cem_covid19_app_api/middlewares/authentication.middleware.js","statementMap":{"0":{"start":{"line":1,"column":12},"end":{"line":1,"column":35}},"1":{"start":{"line":3,"column":23},"end":{"line":23,"column":1}},"2":{"start":{"line":6,"column":2},"end":{"line":13,"column":3}},"3":{"start":{"line":10,"column":4},"end":{"line":10,"column":59}},"4":{"start":{"line":12,"column":4},"end":{"line":12,"column":62}},"5":{"start":{"line":16,"column":2},"end":{"line":22,"column":5}},"6":{"start":{"line":17,"column":4},"end":{"line":19,"column":5}},"7":{"start":{"line":18,"column":6},"end":{"line":18,"column":63}},"8":{"start":{"line":20,"column":4},"end":{"line":20,"column":37}},"9":{"start":{"line":21,"column":4},"end":{"line":21,"column":11}},"10":{"start":{"line":25,"column":0},"end":{"line":25,"column":32}}},"fnMap":{"0":{"name":"(anonymous_0)","decl":{"start":{"line":3,"column":23},"end":{"line":3,"column":24}},"loc":{"start":{"line":3,"column":43},"end":{"line":23,"column":1}},"line":3},"1":{"name":"(anonymous_1)","decl":{"start":{"line":16,"column":39},"end":{"line":16,"column":40}},"loc":{"start":{"line":16,"column":58},"end":{"line":22,"column":3}},"line":16}},"branchMap":{"0":{"loc":{"start":{"line":6,"column":2},"end":{"line":13,"column":3}},"type":"if","locations":[{"start":{"line":6,"column":2},"end":{"line":13,"column":3}},{"start":{"line":6,"column":2},"end":{"line":13,"column":3}}],"line":6},"1":{"loc":{"start":{"line":7,"column":4},"end":{"line":8,"column":51}},"type":"binary-expr","locations":[{"start":{"line":7,"column":4},"end":{"line":7,"column":29}},{"start":{"line":8,"column":4},"end":{"line":8,"column":51}}],"line":7},"2":{"loc":{"start":{"line":17,"column":4},"end":{"line":19,"column":5}},"type":"if","locations":[{"start":{"line":17,"column":4},"end":{"line":19,"column":5}},{"start":{"line":17,"column":4},"end":{"line":19,"column":5}}],"line":17}},"s":{"0":5,"1":5,"2":25,"3":24,"4":1,"5":24,"6":24,"7":1,"8":23,"9":23,"10":5},"f":{"0":25,"1":24},"b":{"0":[24,1],"1":[25,24],"2":[1,23]},"_coverageSchema":"1a1c01bbd47fc00a2c39e90264f33305004495a9","hash":"ccc8464bc69c0ef04367cc806f00abf7dc685abe"}
,"/Users/manmanbbg/Desktop/degree/Agile Develop/Project/302cem_covid19_app_api/middlewares/error.message.middleware.js": {"path":"/Users/manmanbbg/Desktop/degree/Agile Develop/Project/302cem_covid19_app_api/middlewares/error.message.middleware.js","statementMap":{"0":{"start":{"line":1,"column":28},"end":{"line":4,"column":1}},"1":{"start":{"line":2,"column":2},"end":{"line":2,"column":51}},"2":{"start":{"line":3,"column":2},"end":{"line":3,"column":9}},"3":{"start":{"line":6,"column":0},"end":{"line":6,"column":37}}},"fnMap":{"0":{"name":"(anonymous_0)","decl":{"start":{"line":1,"column":28},"end":{"line":1,"column":29}},"loc":{"start":{"line":1,"column":55},"end":{"line":4,"column":1}},"line":1}},"branchMap":{},"s":{"0":5,"1":3,"2":3,"3":5},"f":{"0":3},"b":{},"_coverageSchema":"1a1c01bbd47fc00a2c39e90264f33305004495a9","hash":"508ca57e33bc2f671edd63cead43398718507cd3"}
,"/Users/manmanbbg/Desktop/degree/Agile Develop/Project/302cem_covid19_app_api/middlewares/index.js": {"path":"/Users/manmanbbg/Desktop/degree/Agile Develop/Project/302cem_covid19_app_api/middlewares/index.js","statementMap":{"0":{"start":{"line":1,"column":28},"end":{"line":1,"column":65}},"1":{"start":{"line":2,"column":18},"end":{"line":2,"column":51}},"2":{"start":{"line":3,"column":23},"end":{"line":3,"column":61}},"3":{"start":{"line":5,"column":0},"end":{"line":5,"column":68}}},"fnMap":{},"branchMap":{},"s":{"0":5,"1":5,"2":5,"3":5},"f":{},"b":{},"_coverageSchema":"1a1c01bbd47fc00a2c39e90264f33305004495a9","hash":"8ac03ad4737bc53146d9268a5cfe148de2ce39b6"}
,"/Users/manmanbbg/Desktop/degree/Agile Develop/Project/302cem_covid19_app_api/middlewares/validator.middleware.js": {"path":"/Users/manmanbbg/Desktop/degree/Agile Develop/Project/302cem_covid19_app_api/middlewares/validator.middleware.js","statementMap":{"0":{"start":{"line":1,"column":29},"end":{"line":1,"column":57}},"1":{"start":{"line":3,"column":18},"end":{"line":15,"column":1}},"2":{"start":{"line":4,"column":17},"end":{"line":4,"column":38}},"3":{"start":{"line":5,"column":2},"end":{"line":7,"column":3}},"4":{"start":{"line":6,"column":4},"end":{"line":6,"column":18}},"5":{"start":{"line":9,"column":26},"end":{"line":9,"column":28}},"6":{"start":{"line":10,"column":2},"end":{"line":10,"column":78}},"7":{"start":{"line":10,"column":30},"end":{"line":10,"column":76}},"8":{"start":{"line":12,"column":2},"end":{"line":14,"column":5}},"9":{"start":{"line":17,"column":0},"end":{"line":17,"column":27}}},"fnMap":{"0":{"name":"(anonymous_0)","decl":{"start":{"line":3,"column":18},"end":{"line":3,"column":19}},"loc":{"start":{"line":3,"column":38},"end":{"line":15,"column":1}},"line":3},"1":{"name":"(anonymous_1)","decl":{"start":{"line":10,"column":21},"end":{"line":10,"column":22}},"loc":{"start":{"line":10,"column":30},"end":{"line":10,"column":76}},"line":10}},"branchMap":{"0":{"loc":{"start":{"line":5,"column":2},"end":{"line":7,"column":3}},"type":"if","locations":[{"start":{"line":5,"column":2},"end":{"line":7,"column":3}},{"start":{"line":5,"column":2},"end":{"line":7,"column":3}}],"line":5}},"s":{"0":5,"1":5,"2":10,"3":10,"4":8,"5":2,"6":2,"7":3,"8":2,"9":5},"f":{"0":10,"1":3},"b":{"0":[8,2]},"_coverageSchema":"1a1c01bbd47fc00a2c39e90264f33305004495a9","hash":"dd3e27505eab4c769072ce4fece780cb6053b3bd"}
,"/Users/manmanbbg/Desktop/degree/Agile Develop/Project/302cem_covid19_app_api/models/culture.model.js": {"path":"/Users/manmanbbg/Desktop/degree/Agile Develop/Project/302cem_covid19_app_api/models/culture.model.js","statementMap":{"0":{"start":{"line":1,"column":17},"end":{"line":1,"column":36}},"1":{"start":{"line":3,"column":22},"end":{"line":28,"column":1}},"2":{"start":{"line":30,"column":0},"end":{"line":30,"column":58}}},"fnMap":{},"branchMap":{},"s":{"0":5,"1":5,"2":5},"f":{},"b":{},"_coverageSchema":"1a1c01bbd47fc00a2c39e90264f33305004495a9","hash":"2b9569c1b2ea2023c54b5e09fa5489c53c8371b7"}
,"/Users/manmanbbg/Desktop/degree/Agile Develop/Project/302cem_covid19_app_api/models/listeningAid.model.js": {"path":"/Users/manmanbbg/Desktop/degree/Agile Develop/Project/302cem_covid19_app_api/models/listeningAid.model.js","statementMap":{"0":{"start":{"line":1,"column":17},"end":{"line":1,"column":36}},"1":{"start":{"line":2,"column":24},"end":{"line":2,"column":60}},"2":{"start":{"line":4,"column":27},"end":{"line":34,"column":1}},"3":{"start":{"line":36,"column":0},"end":{"line":36,"column":43}},"4":{"start":{"line":38,"column":0},"end":{"line":38,"column":68}}},"fnMap":{},"branchMap":{},"s":{"0":5,"1":5,"2":5,"3":5,"4":5},"f":{},"b":{},"_coverageSchema":"1a1c01bbd47fc00a2c39e90264f33305004495a9","hash":"117d8f28f5d9099a9ac7b461c7d9710492448fa8"}
,"/Users/manmanbbg/Desktop/degree/Agile Develop/Project/302cem_covid19_app_api/models/signLanguage.model.js": {"path":"/Users/manmanbbg/Desktop/degree/Agile Develop/Project/302cem_covid19_app_api/models/signLanguage.model.js","statementMap":{"0":{"start":{"line":1,"column":17},"end":{"line":1,"column":36}},"1":{"start":{"line":2,"column":24},"end":{"line":2,"column":60}},"2":{"start":{"line":4,"column":27},"end":{"line":34,"column":1}},"3":{"start":{"line":36,"column":0},"end":{"line":36,"column":43}},"4":{"start":{"line":38,"column":0},"end":{"line":38,"column":68}}},"fnMap":{},"branchMap":{},"s":{"0":5,"1":5,"2":5,"3":5,"4":5},"f":{},"b":{},"_coverageSchema":"1a1c01bbd47fc00a2c39e90264f33305004495a9","hash":"2d6d333ab33848e71eeb5a39477dcaa90d287119"}
,"/Users/manmanbbg/Desktop/degree/Agile Develop/Project/302cem_covid19_app_api/models/user.model.js": {"path":"/Users/manmanbbg/Desktop/degree/Agile Develop/Project/302cem_covid19_app_api/models/user.model.js","statementMap":{"0":{"start":{"line":1,"column":17},"end":{"line":1,"column":36}},"1":{"start":{"line":3,"column":19},"end":{"line":29,"column":1}},"2":{"start":{"line":31,"column":0},"end":{"line":31,"column":52}}},"fnMap":{},"branchMap":{},"s":{"0":5,"1":5,"2":5},"f":{},"b":{},"_coverageSchema":"1a1c01bbd47fc00a2c39e90264f33305004495a9","hash":"e651657d568c179c98a57198f67a045b09a2d7c8"}
,"/Users/manmanbbg/Desktop/degree/Agile Develop/Project/302cem_covid19_app_api/routes/auth.routes.js": {"path":"/Users/manmanbbg/Desktop/degree/Agile Develop/Project/302cem_covid19_app_api/routes/auth.routes.js","statementMap":{"0":{"start":{"line":1,"column":15},"end":{"line":1,"column":42}},"1":{"start":{"line":2,"column":18},"end":{"line":2,"column":49}},"2":{"start":{"line":3,"column":23},"end":{"line":3,"column":63}},"3":{"start":{"line":4,"column":32},"end":{"line":4,"column":56}},"4":{"start":{"line":5,"column":22},"end":{"line":5,"column":47}},"5":{"start":{"line":7,"column":23},"end":{"line":7,"column":52}},"6":{"start":{"line":9,"column":0},"end":{"line":11,"column":2}},"7":{"start":{"line":10,"column":2},"end":{"line":10,"column":45}},"8":{"start":{"line":13,"column":0},"end":{"line":13,"column":24}}},"fnMap":{"0":{"name":"(anonymous_0)","decl":{"start":{"line":9,"column":51},"end":{"line":9,"column":52}},"loc":{"start":{"line":10,"column":2},"end":{"line":10,"column":45}},"line":10}},"branchMap":{},"s":{"0":4,"1":4,"2":4,"3":4,"4":4,"5":4,"6":4,"7":7,"8":4},"f":{"0":7},"b":{},"_coverageSchema":"1a1c01bbd47fc00a2c39e90264f33305004495a9","hash":"17b5677a2c17e04a238d760c5f3d2cc8c696400b"}
,"/Users/manmanbbg/Desktop/degree/Agile Develop/Project/302cem_covid19_app_api/routes/culture.routes.js": {"path":"/Users/manmanbbg/Desktop/degree/Agile Develop/Project/302cem_covid19_app_api/routes/culture.routes.js","statementMap":{"0":{"start":{"line":1,"column":15},"end":{"line":1,"column":42}},"1":{"start":{"line":2,"column":21},"end":{"line":2,"column":55}},"2":{"start":{"line":3,"column":26},"end":{"line":3,"column":69}},"3":{"start":{"line":4,"column":27},"end":{"line":4,"column":52}},"4":{"start":{"line":6,"column":26},"end":{"line":6,"column":61}},"5":{"start":{"line":8,"column":0},"end":{"line":10,"column":2}},"6":{"start":{"line":9,"column":2},"end":{"line":9,"column":50}},"7":{"start":{"line":11,"column":0},"end":{"line":13,"column":2}},"8":{"start":{"line":12,"column":2},"end":{"line":12,"column":51}},"9":{"start":{"line":14,"column":0},"end":{"line":16,"column":2}},"10":{"start":{"line":15,"column":2},"end":{"line":15,"column":49}},"11":{"start":{"line":17,"column":0},"end":{"line":19,"column":2}},"12":{"start":{"line":18,"column":2},"end":{"line":18,"column":48}},"13":{"start":{"line":20,"column":0},"end":{"line":22,"column":2}},"14":{"start":{"line":21,"column":2},"end":{"line":21,"column":52}},"15":{"start":{"line":23,"column":0},"end":{"line":25,"column":2}},"16":{"start":{"line":24,"column":2},"end":{"line":24,"column":52}},"17":{"start":{"line":27,"column":0},"end":{"line":27,"column":24}}},"fnMap":{"0":{"name":"(anonymous_0)","decl":{"start":{"line":8,"column":16},"end":{"line":8,"column":17}},"loc":{"start":{"line":9,"column":2},"end":{"line":9,"column":50}},"line":9},"1":{"name":"(anonymous_1)","decl":{"start":{"line":11,"column":21},"end":{"line":11,"column":22}},"loc":{"start":{"line":12,"column":2},"end":{"line":12,"column":51}},"line":12},"2":{"name":"(anonymous_2)","decl":{"start":{"line":14,"column":19},"end":{"line":14,"column":20}},"loc":{"start":{"line":15,"column":2},"end":{"line":15,"column":49}},"line":15},"3":{"name":"(anonymous_3)","decl":{"start":{"line":17,"column":33},"end":{"line":17,"column":34}},"loc":{"start":{"line":18,"column":2},"end":{"line":18,"column":48}},"line":18},"4":{"name":"(anonymous_4)","decl":{"start":{"line":20,"column":35},"end":{"line":20,"column":36}},"loc":{"start":{"line":21,"column":2},"end":{"line":21,"column":52}},"line":21},"5":{"name":"(anonymous_5)","decl":{"start":{"line":23,"column":38},"end":{"line":23,"column":39}},"loc":{"start":{"line":24,"column":2},"end":{"line":24,"column":52}},"line":24}},"branchMap":{},"s":{"0":4,"1":4,"2":4,"3":4,"4":4,"5":4,"6":1,"7":4,"8":1,"9":4,"10":2,"11":4,"12":2,"13":4,"14":1,"15":4,"16":2,"17":4},"f":{"0":1,"1":1,"2":2,"3":2,"4":1,"5":2},"b":{},"_coverageSchema":"1a1c01bbd47fc00a2c39e90264f33305004495a9","hash":"c6f465ce748e5b17226f906c04d0ead2328919b4"}
,"/Users/manmanbbg/Desktop/degree/Agile Develop/Project/302cem_covid19_app_api/routes/listeningAid.routes.js": {"path":"/Users/manmanbbg/Desktop/degree/Agile Develop/Project/302cem_covid19_app_api/routes/listeningAid.routes.js","statementMap":{"0":{"start":{"line":1,"column":15},"end":{"line":1,"column":42}},"1":{"start":{"line":2,"column":26},"end":{"line":2,"column":65}},"2":{"start":{"line":3,"column":31},"end":{"line":3,"column":79}},"3":{"start":{"line":4,"column":27},"end":{"line":4,"column":52}},"4":{"start":{"line":6,"column":31},"end":{"line":6,"column":76}},"5":{"start":{"line":8,"column":0},"end":{"line":10,"column":2}},"6":{"start":{"line":9,"column":2},"end":{"line":9,"column":55}},"7":{"start":{"line":11,"column":0},"end":{"line":13,"column":2}},"8":{"start":{"line":12,"column":2},"end":{"line":12,"column":54}},"9":{"start":{"line":14,"column":0},"end":{"line":16,"column":2}},"10":{"start":{"line":15,"column":2},"end":{"line":15,"column":53}},"11":{"start":{"line":17,"column":0},"end":{"line":19,"column":2}},"12":{"start":{"line":18,"column":2},"end":{"line":18,"column":57}},"13":{"start":{"line":20,"column":0},"end":{"line":22,"column":2}},"14":{"start":{"line":21,"column":2},"end":{"line":21,"column":57}},"15":{"start":{"line":24,"column":0},"end":{"line":24,"column":24}}},"fnMap":{"0":{"name":"(anonymous_0)","decl":{"start":{"line":8,"column":16},"end":{"line":8,"column":17}},"loc":{"start":{"line":9,"column":2},"end":{"line":9,"column":55}},"line":9},"1":{"name":"(anonymous_1)","decl":{"start":{"line":11,"column":19},"end":{"line":11,"column":20}},"loc":{"start":{"line":12,"column":2},"end":{"line":12,"column":54}},"line":12},"2":{"name":"(anonymous_2)","decl":{"start":{"line":14,"column":33},"end":{"line":14,"column":34}},"loc":{"start":{"line":15,"column":2},"end":{"line":15,"column":53}},"line":15},"3":{"name":"(anonymous_3)","decl":{"start":{"line":17,"column":35},"end":{"line":17,"column":36}},"loc":{"start":{"line":18,"column":2},"end":{"line":18,"column":57}},"line":18},"4":{"name":"(anonymous_4)","decl":{"start":{"line":20,"column":38},"end":{"line":20,"column":39}},"loc":{"start":{"line":21,"column":2},"end":{"line":21,"column":57}},"line":21}},"branchMap":{},"s":{"0":4,"1":4,"2":4,"3":4,"4":4,"5":4,"6":1,"7":4,"8":2,"9":4,"10":2,"11":4,"12":1,"13":4,"14":2,"15":4},"f":{"0":1,"1":2,"2":2,"3":1,"4":2},"b":{},"_coverageSchema":"1a1c01bbd47fc00a2c39e90264f33305004495a9","hash":"a3fbc0a7be4b6f60f6725d6d1da4bb1244366d63"}
,"/Users/manmanbbg/Desktop/degree/Agile Develop/Project/302cem_covid19_app_api/routes/signLanguage.routes.js": {"path":"/Users/manmanbbg/Desktop/degree/Agile Develop/Project/302cem_covid19_app_api/routes/signLanguage.routes.js","statementMap":{"0":{"start":{"line":1,"column":15},"end":{"line":1,"column":42}},"1":{"start":{"line":2,"column":26},"end":{"line":2,"column":65}},"2":{"start":{"line":3,"column":31},"end":{"line":3,"column":79}},"3":{"start":{"line":4,"column":27},"end":{"line":4,"column":52}},"4":{"start":{"line":6,"column":31},"end":{"line":6,"column":76}},"5":{"start":{"line":8,"column":0},"end":{"line":10,"column":2}},"6":{"start":{"line":9,"column":2},"end":{"line":9,"column":55}},"7":{"start":{"line":11,"column":0},"end":{"line":13,"column":2}},"8":{"start":{"line":12,"column":2},"end":{"line":12,"column":54}},"9":{"start":{"line":14,"column":0},"end":{"line":16,"column":2}},"10":{"start":{"line":15,"column":2},"end":{"line":15,"column":53}},"11":{"start":{"line":17,"column":0},"end":{"line":19,"column":2}},"12":{"start":{"line":18,"column":2},"end":{"line":18,"column":57}},"13":{"start":{"line":20,"column":0},"end":{"line":22,"column":2}},"14":{"start":{"line":21,"column":2},"end":{"line":21,"column":57}},"15":{"start":{"line":24,"column":0},"end":{"line":24,"column":24}}},"fnMap":{"0":{"name":"(anonymous_0)","decl":{"start":{"line":8,"column":16},"end":{"line":8,"column":17}},"loc":{"start":{"line":9,"column":2},"end":{"line":9,"column":55}},"line":9},"1":{"name":"(anonymous_1)","decl":{"start":{"line":11,"column":19},"end":{"line":11,"column":20}},"loc":{"start":{"line":12,"column":2},"end":{"line":12,"column":54}},"line":12},"2":{"name":"(anonymous_2)","decl":{"start":{"line":14,"column":33},"end":{"line":14,"column":34}},"loc":{"start":{"line":15,"column":2},"end":{"line":15,"column":53}},"line":15},"3":{"name":"(anonymous_3)","decl":{"start":{"line":17,"column":35},"end":{"line":17,"column":36}},"loc":{"start":{"line":18,"column":2},"end":{"line":18,"column":57}},"line":18},"4":{"name":"(anonymous_4)","decl":{"start":{"line":20,"column":38},"end":{"line":20,"column":39}},"loc":{"start":{"line":21,"column":2},"end":{"line":21,"column":57}},"line":21}},"branchMap":{},"s":{"0":4,"1":4,"2":4,"3":4,"4":4,"5":4,"6":1,"7":4,"8":2,"9":4,"10":2,"11":4,"12":1,"13":4,"14":2,"15":4},"f":{"0":1,"1":2,"2":2,"3":1,"4":2},"b":{},"_coverageSchema":"1a1c01bbd47fc00a2c39e90264f33305004495a9","hash":"644f22a573023a2921c79a172c8f4f8af5835226"}
,"/Users/manmanbbg/Desktop/degree/Agile Develop/Project/302cem_covid19_app_api/routes/user.routes.js": {"path":"/Users/manmanbbg/Desktop/degree/Agile Develop/Project/302cem_covid19_app_api/routes/user.routes.js","statementMap":{"0":{"start":{"line":1,"column":15},"end":{"line":1,"column":42}},"1":{"start":{"line":2,"column":18},"end":{"line":2,"column":49}},"2":{"start":{"line":3,"column":23},"end":{"line":3,"column":63}},"3":{"start":{"line":4,"column":32},"end":{"line":4,"column":56}},"4":{"start":{"line":5,"column":38},"end":{"line":5,"column":63}},"5":{"start":{"line":7,"column":23},"end":{"line":7,"column":52}},"6":{"start":{"line":9,"column":0},"end":{"line":11,"column":2}},"7":{"start":{"line":10,"column":2},"end":{"line":10,"column":47}},"8":{"start":{"line":12,"column":0},"end":{"line":14,"column":2}},"9":{"start":{"line":13,"column":2},"end":{"line":13,"column":46}},"10":{"start":{"line":15,"column":0},"end":{"line":23,"column":2}},"11":{"start":{"line":21,"column":4},"end":{"line":21,"column":48}},"12":{"start":{"line":24,"column":0},"end":{"line":26,"column":2}},"13":{"start":{"line":25,"column":2},"end":{"line":25,"column":49}},"14":{"start":{"line":27,"column":0},"end":{"line":29,"column":2}},"15":{"start":{"line":28,"column":2},"end":{"line":28,"column":49}},"16":{"start":{"line":31,"column":0},"end":{"line":31,"column":24}}},"fnMap":{"0":{"name":"(anonymous_0)","decl":{"start":{"line":9,"column":32},"end":{"line":9,"column":33}},"loc":{"start":{"line":10,"column":2},"end":{"line":10,"column":47}},"line":10},"1":{"name":"(anonymous_1)","decl":{"start":{"line":12,"column":35},"end":{"line":12,"column":36}},"loc":{"start":{"line":13,"column":2},"end":{"line":13,"column":46}},"line":13},"2":{"name":"(anonymous_2)","decl":{"start":{"line":20,"column":2},"end":{"line":20,"column":3}},"loc":{"start":{"line":20,"column":22},"end":{"line":22,"column":3}},"line":20},"3":{"name":"(anonymous_3)","decl":{"start":{"line":24,"column":35},"end":{"line":24,"column":36}},"loc":{"start":{"line":25,"column":2},"end":{"line":25,"column":49}},"line":25},"4":{"name":"(anonymous_4)","decl":{"start":{"line":27,"column":38},"end":{"line":27,"column":39}},"loc":{"start":{"line":28,"column":2},"end":{"line":28,"column":49}},"line":28}},"branchMap":{},"s":{"0":4,"1":4,"2":4,"3":4,"4":4,"5":4,"6":4,"7":1,"8":4,"9":2,"10":4,"11":1,"12":4,"13":1,"14":4,"15":2,"16":4},"f":{"0":1,"1":2,"2":1,"3":1,"4":2},"b":{},"_coverageSchema":"1a1c01bbd47fc00a2c39e90264f33305004495a9","hash":"86c878a8d22d57fe36ee9334fc0cf8f4159319b4"}
,"/Users/manmanbbg/Desktop/degree/Agile Develop/Project/302cem_covid19_app_api/validation/auth.validation.rules.js": {"path":"/Users/manmanbbg/Desktop/degree/Agile Develop/Project/302cem_covid19_app_api/validation/auth.validation.rules.js","statementMap":{"0":{"start":{"line":1,"column":17},"end":{"line":1,"column":45}},"1":{"start":{"line":3,"column":28},"end":{"line":6,"column":1}},"2":{"start":{"line":3,"column":34},"end":{"line":6,"column":1}},"3":{"start":{"line":8,"column":0},"end":{"line":8,"column":37}}},"fnMap":{"0":{"name":"(anonymous_0)","decl":{"start":{"line":3,"column":28},"end":{"line":3,"column":29}},"loc":{"start":{"line":3,"column":34},"end":{"line":6,"column":1}},"line":3}},"branchMap":{},"s":{"0":4,"1":4,"2":4,"3":4},"f":{"0":4},"b":{},"_coverageSchema":"1a1c01bbd47fc00a2c39e90264f33305004495a9","hash":"3d3647f34144ddecedfec1233b7893d90991382f"}
,"/Users/manmanbbg/Desktop/degree/Agile Develop/Project/302cem_covid19_app_api/validation/index.js": {"path":"/Users/manmanbbg/Desktop/degree/Agile Develop/Project/302cem_covid19_app_api/validation/index.js","statementMap":{"0":{"start":{"line":1,"column":28},"end":{"line":1,"column":62}},"1":{"start":{"line":2,"column":28},"end":{"line":2,"column":62}},"2":{"start":{"line":4,"column":0},"end":{"line":4,"column":62}}},"fnMap":{},"branchMap":{},"s":{"0":4,"1":4,"2":4},"f":{},"b":{},"_coverageSchema":"1a1c01bbd47fc00a2c39e90264f33305004495a9","hash":"502e44d13988957d6696033175e7062fd46bd7d6"}
,"/Users/manmanbbg/Desktop/degree/Agile Develop/Project/302cem_covid19_app_api/validation/user.validation.rules.js": {"path":"/Users/manmanbbg/Desktop/degree/Agile Develop/Project/302cem_covid19_app_api/validation/user.validation.rules.js","statementMap":{"0":{"start":{"line":1,"column":17},"end":{"line":1,"column":45}},"1":{"start":{"line":3,"column":28},"end":{"line":12,"column":1}},"2":{"start":{"line":3,"column":34},"end":{"line":12,"column":1}},"3":{"start":{"line":14,"column":0},"end":{"line":14,"column":37}}},"fnMap":{"0":{"name":"(anonymous_0)","decl":{"start":{"line":3,"column":28},"end":{"line":3,"column":29}},"loc":{"start":{"line":3,"column":34},"end":{"line":12,"column":1}},"line":3}},"branchMap":{},"s":{"0":4,"1":4,"2":4,"3":4},"f":{"0":4},"b":{},"_coverageSchema":"1a1c01bbd47fc00a2c39e90264f33305004495a9","hash":"6eadbc7e5188e00c001d38de48c490b236b0c03b"}
}
