TN:
SF:app.js
FNF:0
FNH:0
DA:1,4
DA:2,4
DA:3,4
DA:4,4
DA:7,4
DA:8,4
DA:9,4
DA:10,4
DA:13,4
DA:16,4
DA:17,4
DA:18,4
DA:19,4
DA:22,4
DA:24,4
LF:15
LH:15
BRF:0
BRH:0
end_of_record
TN:
SF:controllers/Controller.js
FN:2,(anonymous_0)
FN:6,(anonymous_1)
FN:15,(anonymous_2)
FN:28,(anonymous_3)
FN:37,(anonymous_4)
FN:57,(anonymous_5)
FNF:6
FNH:6
FNDA:24,(anonymous_0)
FNDA:16,(anonymous_1)
FNDA:24,(anonymous_2)
FNDA:23,(anonymous_3)
FNDA:16,(anonymous_4)
FNDA:24,(anonymous_5)
DA:1,8
DA:3,24
DA:7,16
DA:8,16
DA:9,12
DA:11,4
DA:16,24
DA:17,24
DA:18,20
DA:19,8
DA:21,12
DA:24,4
DA:29,23
DA:30,23
DA:31,16
DA:33,7
DA:38,16
DA:39,16
DA:47,12
DA:48,8
DA:50,4
DA:53,4
DA:58,24
DA:59,24
DA:61,20
DA:62,8
DA:64,12
DA:67,4
LF:28
LH:28
BRDA:18,0,0,8
BRDA:18,0,1,12
BRDA:47,1,0,8
BRDA:47,1,1,4
BRDA:61,2,0,8
BRDA:61,2,1,12
BRF:6
BRH:6
end_of_record
TN:
SF:controllers/CultureController.js
FN:4,(anonymous_0)
FNF:1
FNH:1
FNDA:4,(anonymous_0)
DA:1,5
DA:5,4
DA:6,4
DA:22,3
DA:24,1
DA:29,5
LF:6
LH:6
BRF:0
BRH:0
end_of_record
TN:
SF:controllers/ListeningAidController.js
FNF:0
FNH:0
DA:1,5
DA:5,5
LF:2
LH:2
BRF:0
BRH:0
end_of_record
TN:
SF:controllers/SignLanguageController.js
FNF:0
FNH:0
DA:1,5
DA:5,5
LF:2
LH:2
BRF:0
BRH:0
end_of_record
TN:
SF:controllers/UserController.js
FN:6,(anonymous_0)
FNF:1
FNH:1
FNDA:11,(anonymous_0)
DA:1,5
DA:3,5
DA:7,11
DA:8,11
DA:10,10
DA:11,2
DA:19,8
DA:20,2
DA:27,6
DA:39,6
DA:45,1
DA:50,5
LF:12
LH:12
BRDA:10,0,0,2
BRDA:10,0,1,8
BRDA:19,1,0,2
BRDA:19,1,1,6
BRF:4
BRH:4
end_of_record
TN:
SF:database/test.mongodb.connect.js
FNF:0
FNH:0
DA:1,4
DA:3,4
DA:4,4
DA:5,4
DA:6,4
DA:11,4
LF:6
LH:6
BRF:0
BRH:0
end_of_record
TN:
SF:middlewares/authentication.middleware.js
FN:3,(anonymous_0)
FN:16,(anonymous_1)
FNF:2
FNH:2
FNDA:25,(anonymous_0)
FNDA:24,(anonymous_1)
DA:1,5
DA:3,5
DA:6,25
DA:10,24
DA:12,1
DA:16,24
DA:17,24
DA:18,1
DA:20,23
DA:21,23
DA:25,5
LF:11
LH:11
BRDA:6,0,0,24
BRDA:6,0,1,1
BRDA:7,1,0,25
BRDA:7,1,1,24
BRDA:17,2,0,1
BRDA:17,2,1,23
BRF:6
BRH:6
end_of_record
TN:
SF:middlewares/error.message.middleware.js
FN:1,(anonymous_0)
FNF:1
FNH:1
FNDA:3,(anonymous_0)
DA:1,5
DA:2,3
DA:3,3
DA:6,5
LF:4
LH:4
BRF:0
BRH:0
end_of_record
TN:
SF:middlewares/index.js
FNF:0
FNH:0
DA:1,5
DA:2,5
DA:3,5
DA:5,5
LF:4
LH:4
BRF:0
BRH:0
end_of_record
TN:
SF:middlewares/validator.middleware.js
FN:3,(anonymous_0)
FN:10,(anonymous_1)
FNF:2
FNH:2
FNDA:10,(anonymous_0)
FNDA:3,(anonymous_1)
DA:1,5
DA:3,5
DA:4,10
DA:5,10
DA:6,8
DA:9,2
DA:10,3
DA:12,2
DA:17,5
LF:9
LH:9
BRDA:5,0,0,8
BRDA:5,0,1,2
BRF:2
BRH:2
end_of_record
TN:
SF:models/culture.model.js
FNF:0
FNH:0
DA:1,5
DA:3,5
DA:30,5
LF:3
LH:3
BRF:0
BRH:0
end_of_record
TN:
SF:models/listeningAid.model.js
FNF:0
FNH:0
DA:1,5
DA:2,5
DA:4,5
DA:36,5
DA:38,5
LF:5
LH:5
BRF:0
BRH:0
end_of_record
TN:
SF:models/signLanguage.model.js
FNF:0
FNH:0
DA:1,5
DA:2,5
DA:4,5
DA:36,5
DA:38,5
LF:5
LH:5
BRF:0
BRH:0
end_of_record
TN:
SF:models/user.model.js
FNF:0
FNH:0
DA:1,5
DA:3,5
DA:31,5
LF:3
LH:3
BRF:0
BRH:0
end_of_record
TN:
SF:routes/auth.routes.js
FN:9,(anonymous_0)
FNF:1
FNH:1
FNDA:7,(anonymous_0)
DA:1,4
DA:2,4
DA:3,4
DA:4,4
DA:5,4
DA:7,4
DA:9,4
DA:10,7
DA:13,4
LF:9
LH:9
BRF:0
BRH:0
end_of_record
TN:
SF:routes/culture.routes.js
FN:8,(anonymous_0)
FN:11,(anonymous_1)
FN:14,(anonymous_2)
FN:17,(anonymous_3)
FN:20,(anonymous_4)
FN:23,(anonymous_5)
FNF:6
FNH:6
FNDA:1,(anonymous_0)
FNDA:1,(anonymous_1)
FNDA:2,(anonymous_2)
FNDA:2,(anonymous_3)
FNDA:1,(anonymous_4)
FNDA:2,(anonymous_5)
DA:1,4
DA:2,4
DA:3,4
DA:4,4
DA:6,4
DA:8,4
DA:9,1
DA:11,4
DA:12,1
DA:14,4
DA:15,2
DA:17,4
DA:18,2
DA:20,4
DA:21,1
DA:23,4
DA:24,2
DA:27,4
LF:18
LH:18
BRF:0
BRH:0
end_of_record
TN:
SF:routes/listeningAid.routes.js
FN:8,(anonymous_0)
FN:11,(anonymous_1)
FN:14,(anonymous_2)
FN:17,(anonymous_3)
FN:20,(anonymous_4)
FNF:5
FNH:5
FNDA:1,(anonymous_0)
FNDA:2,(anonymous_1)
FNDA:2,(anonymous_2)
FNDA:1,(anonymous_3)
FNDA:2,(anonymous_4)
DA:1,4
DA:2,4
DA:3,4
DA:4,4
DA:6,4
DA:8,4
DA:9,1
DA:11,4
DA:12,2
DA:14,4
DA:15,2
DA:17,4
DA:18,1
DA:20,4
DA:21,2
DA:24,4
LF:16
LH:16
BRF:0
BRH:0
end_of_record
TN:
SF:routes/signLanguage.routes.js
FN:8,(anonymous_0)
FN:11,(anonymous_1)
FN:14,(anonymous_2)
FN:17,(anonymous_3)
FN:20,(anonymous_4)
FNF:5
FNH:5
FNDA:1,(anonymous_0)
FNDA:2,(anonymous_1)
FNDA:2,(anonymous_2)
FNDA:1,(anonymous_3)
FNDA:2,(anonymous_4)
DA:1,4
DA:2,4
DA:3,4
DA:4,4
DA:6,4
DA:8,4
DA:9,1
DA:11,4
DA:12,2
DA:14,4
DA:15,2
DA:17,4
DA:18,1
DA:20,4
DA:21,2
DA:24,4
LF:16
LH:16
BRF:0
BRH:0
end_of_record
TN:
SF:routes/user.routes.js
FN:9,(anonymous_0)
FN:12,(anonymous_1)
FN:20,(anonymous_2)
FN:24,(anonymous_3)
FN:27,(anonymous_4)
FNF:5
FNH:5
FNDA:1,(anonymous_0)
FNDA:2,(anonymous_1)
FNDA:1,(anonymous_2)
FNDA:1,(anonymous_3)
FNDA:2,(anonymous_4)
DA:1,4
DA:2,4
DA:3,4
DA:4,4
DA:5,4
DA:7,4
DA:9,4
DA:10,1
DA:12,4
DA:13,2
DA:15,4
DA:21,1
DA:24,4
DA:25,1
DA:27,4
DA:28,2
DA:31,4
LF:17
LH:17
BRF:0
BRH:0
end_of_record
TN:
SF:validation/auth.validation.rules.js
FN:3,(anonymous_0)
FNF:1
FNH:1
FNDA:4,(anonymous_0)
DA:1,4
DA:3,4
DA:8,4
LF:3
LH:3
BRF:0
BRH:0
end_of_record
TN:
SF:validation/index.js
FNF:0
FNH:0
DA:1,4
DA:2,4
DA:4,4
LF:3
LH:3
BRF:0
BRH:0
end_of_record
TN:
SF:validation/user.validation.rules.js
FN:3,(anonymous_0)
FNF:1
FNH:1
FNDA:4,(anonymous_0)
DA:1,4
DA:3,4
DA:14,4
LF:3
LH:3
BRF:0
BRH:0
end_of_record
